# JRE version: OpenJDK Runtime Environment Temurin-11.0.15+10 (11.0.15+10) (build 11.0.15+10)
# Java VM: OpenJDK 64-Bit Server VM Temurin-11.0.15+10 (11.0.15+10, mixed mode, tiered, compressed oops, g1 gc, windows-amd64)
Heap:
 garbage-first heap   total 131072K, used 12783K [0x0000000081a00000, 0x0000000100000000)
  region size 1024K, 6 young (6144K), 6 survivors (6144K)
 Metaspace       used 28581K, capacity 29342K, committed 29360K, reserved 1083392K
  class space    used 3485K, capacity 3822K, committed 3840K, reserved 1048576K
GC Heap History (14 events):
Event: 2.962 GC heap before
{Heap before GC invocations=0 (full 0):
 garbage-first heap   total 131072K, used 14336K [0x0000000081a00000, 0x0000000100000000)
  region size 1024K, 14 young (14336K), 0 survivors (0K)
 Metaspace       used 11748K, capacity 12062K, committed 12160K, reserved 1060864K
  class space    used 1228K, capacity 1369K, committed 1408K, reserved 1048576K
}
Event: 2.973 GC heap after
{Heap after GC invocations=1 (full 0):
 garbage-first heap   total 131072K, used 7159K [0x0000000081a00000, 0x0000000100000000)
  region size 1024K, 2 young (2048K), 2 survivors (2048K)
 Metaspace       used 11748K, capacity 12062K, committed 12160K, reserved 1060864K
  class space    used 1228K, capacity 1369K, committed 1408K, reserved 1048576K
}
Event: 3.203 GC heap before
{Heap before GC invocations=1 (full 0):
 garbage-first heap   total 131072K, used 11255K [0x0000000081a00000, 0x0000000100000000)
  region size 1024K, 6 young (6144K), 2 survivors (2048K)
 Metaspace       used 13398K, capacity 13715K, committed 13824K, reserved 1060864K
  class space    used 1387K, capacity 1536K, committed 1536K, reserved 1048576K
}
Event: 3.210 GC heap after
{Heap after GC invocations=2 (full 0):
 garbage-first heap   total 131072K, used 8092K [0x0000000081a00000, 0x0000000100000000)
  region size 1024K, 1 young (1024K), 1 survivors (1024K)
 Metaspace       used 13398K, capacity 13715K, committed 13824K, reserved 1060864K
  class space    used 1387K, capacity 1536K, committed 1536K, reserved 1048576K
}
Event: 3.915 GC heap before
{Heap before GC invocations=2 (full 0):
 garbage-first heap   total 131072K, used 27548K [0x0000000081a00000, 0x0000000100000000)
  region size 1024K, 20 young (20480K), 1 survivors (1024K)
 Metaspace       used 15332K, capacity 15705K, committed 15872K, reserved 1062912K
  class space    used 1648K, capacity 1777K, committed 1792K, reserved 1048576K
}
Event: 3.920 GC heap after
{Heap after GC invocations=3 (full 0):
 garbage-first heap   total 131072K, used 8629K [0x0000000081a00000, 0x0000000100000000)
  region size 1024K, 2 young (2048K), 2 survivors (2048K)
 Metaspace       used 15332K, capacity 15705K, committed 15872K, reserved 1062912K
  class space    used 1648K, capacity 1777K, committed 1792K, reserved 1048576K
}
Event: 4.694 GC heap before
{Heap before GC invocations=3 (full 0):
 garbage-first heap   total 131072K, used 37301K [0x0000000081a00000, 0x0000000100000000)
  region size 1024K, 31 young (31744K), 2 survivors (2048K)
 Metaspace       used 19384K, capacity 19979K, committed 20224K, reserved 1067008K
  class space    used 2260K, capacity 2493K, committed 2560K, reserved 1048576K
}
Event: 4.701 GC heap after
{Heap after GC invocations=4 (full 0):
 garbage-first heap   total 131072K, used 9920K [0x0000000081a00000, 0x0000000100000000)
  region size 1024K, 3 young (3072K), 3 survivors (3072K)
 Metaspace       used 19384K, capacity 19979K, committed 20224K, reserved 1067008K
  class space    used 2260K, capacity 2493K, committed 2560K, reserved 1048576K
}
Event: 4.825 GC heap before
{Heap before GC invocations=4 (full 0):
 garbage-first heap   total 131072K, used 15040K [0x0000000081a00000, 0x0000000100000000)
  region size 1024K, 10 young (10240K), 3 survivors (3072K)
 Metaspace       used 20593K, capacity 21179K, committed 21296K, reserved 1069056K
  class space    used 2392K, capacity 2659K, committed 2688K, reserved 1048576K
}
Event: 4.832 GC heap after
{Heap after GC invocations=5 (full 0):
 garbage-first heap   total 131072K, used 10060K [0x0000000081a00000, 0x0000000100000000)
  region size 1024K, 3 young (3072K), 3 survivors (3072K)
 Metaspace       used 20593K, capacity 21179K, committed 21296K, reserved 1069056K
  class space    used 2392K, capacity 2659K, committed 2688K, reserved 1048576K
}
Event: 5.857 GC heap before
{Heap before GC invocations=6 (full 0):
 garbage-first heap   total 131072K, used 74572K [0x0000000081a00000, 0x0000000100000000)
  region size 1024K, 67 young (68608K), 3 survivors (3072K)
 Metaspace       used 27705K, capacity 28493K, committed 28720K, reserved 1075200K
  class space    used 3360K, capacity 3688K, committed 3712K, reserved 1048576K
}
Event: 5.869 GC heap after
{Heap after GC invocations=7 (full 0):
 garbage-first heap   total 131072K, used 12104K [0x0000000081a00000, 0x0000000100000000)
  region size 1024K, 5 young (5120K), 5 survivors (5120K)
 Metaspace       used 27705K, capacity 28493K, committed 28720K, reserved 1075200K
  class space    used 3360K, capacity 3688K, committed 3712K, reserved 1048576K
}
Event: 5.980 GC heap before
{Heap before GC invocations=7 (full 0):
 garbage-first heap   total 131072K, used 21320K [0x0000000081a00000, 0x0000000100000000)
  region size 1024K, 15 young (15360K), 5 survivors (5120K)
 Metaspace       used 28581K, capacity 29342K, committed 29360K, reserved 1081344K
  class space    used 3485K, capacity 3822K, committed 3840K, reserved 1048576K
}
Event: 5.992 GC heap after
{Heap after GC invocations=8 (full 0):
 garbage-first heap   total 131072K, used 12783K [0x0000000081a00000, 0x0000000100000000)
  region size 1024K, 6 young (6144K), 6 survivors (6144K)
 Metaspace       used 28581K, capacity 29342K, committed 29360K, reserved 1081344K
  class space    used 3485K, capacity 3822K, committed 3840K, reserved 1048576K
}

